This is pdfTeX, Version 3.141592653-2.6-1.40.25 (MiKTeX 24.1) (preloaded format=pdflatex 2025.11.24)  29 MAY 2026 16:09
entering extended mode
 restricted \write18 enabled.
 %&-line parsing enabled.
**./main.tex
(main.tex
LaTeX2e <2023-11-01> patch level 1
L3 programming layer <2024-01-04>
(C:\Users\Jonas\AppData\Local\Programs\MiKTeX\tex/latex/base\article.cls
Document Class: article 2023/05/17 v1.4n Standard LaTeX document class
(C:\Users\Jonas\AppData\Local\Programs\MiKTeX\tex/latex/base\size11.clo
File: size11.clo 2023/05/17 v1.4n Standard LaTeX file (size option)
)
\c@part=\count187
\c@section=\count188
\c@subsection=\count189
\c@subsubsection=\count190
\c@paragraph=\count191
\c@subparagraph=\count192
\c@figure=\count193
\c@table=\count194
\abovecaptionskip=\skip48
\belowcaptionskip=\skip49
\bibindent=\dimen140
)
(C:\Users\Jonas\AppData\Local\Programs\MiKTeX\tex/latex/base\inputenc.sty
Package: inputenc 2021/02/14 v1.3d Input encoding file
\inpenc@prehook=\toks17
\inpenc@posthook=\toks18
)
(C:\Users\Jonas\AppData\Local\Programs\MiKTeX\tex/latex/base\fontenc.sty
Package: fontenc 2021/04/29 v2.0v Standard LaTeX package
)
(C:\Users\Jonas\AppData\Local\Programs\MiKTeX\tex/generic/babel\babel.sty
Package: babel 2024/01/07 v24.1 The Babel package
\babel@savecnt=\count195
\U@D=\dimen141
\l@unhyphenated=\language79

(C:\Users\Jonas\AppData\Local\Programs\MiKTeX\tex/generic/babel\txtbabel.def)
\bbl@readstream=\read2
\bbl@dirlevel=\count196

*************************************
* Local config file bblopts.cfg used
*
(C:\Users\Jonas\AppData\Local\Programs\MiKTeX\tex/latex/arabi\bblopts.cfg
File: bblopts.cfg 2005/09/08 v0.1 add Arabic and Farsi to "declared" options of
 babel
)
(C:\Users\Jonas\AppData\Local\Programs\MiKTeX\tex/latex/babel-english\english.l
df
Language: english 2017/06/06 v3.3r English support from the babel system
Package babel Info: Hyphen rules for 'canadian' set to \l@english
(babel)             (\language0). Reported on input line 102.
Package babel Info: Hyphen rules for 'australian' set to \l@ukenglish
(babel)             (\language73). Reported on input line 105.
Package babel Info: Hyphen rules for 'newzealand' set to \l@ukenglish
(babel)             (\language73). Reported on input line 108.
))
(C:\Users\Jonas\AppData\Local\Programs\MiKTeX\tex/generic/babel/locale/en\babel
-english.tex
Package babel Info: Importing font and identification data for english
(babel)             from babel-en.ini. Reported on input line 11.
)
(C:\Users\Jonas\AppData\Local\Programs\MiKTeX\tex/latex/amsmath\amsmath.sty
Package: amsmath 2023/05/13 v2.17o AMS math features
\@mathmargin=\skip50

For additional information on amsmath, use the `?' option.
(C:\Users\Jonas\AppData\Local\Programs\MiKTeX\tex/latex/amsmath\amstext.sty
Package: amstext 2021/08/26 v2.01 AMS text

(C:\Users\Jonas\AppData\Local\Programs\MiKTeX\tex/latex/amsmath\amsgen.sty
File: amsgen.sty 1999/11/30 v2.0 generic functions
\@emptytoks=\toks19
\ex@=\dimen142
))
(C:\Users\Jonas\AppData\Local\Programs\MiKTeX\tex/latex/amsmath\amsbsy.sty
Package: amsbsy 1999/11/29 v1.2d Bold Symbols
\pmbraise@=\dimen143
)
(C:\Users\Jonas\AppData\Local\Programs\MiKTeX\tex/latex/amsmath\amsopn.sty
Package: amsopn 2022/04/08 v2.04 operator names
)
\inf@bad=\count197
LaTeX Info: Redefining \frac on input line 234.
\uproot@=\count198
\leftroot@=\count199
LaTeX Info: Redefining \overline on input line 399.
LaTeX Info: Redefining \colon on input line 410.
\classnum@=\count266
\DOTSCASE@=\count267
LaTeX Info: Redefining \ldots on input line 496.
LaTeX Info: Redefining \dots on input line 499.
LaTeX Info: Redefining \cdots on input line 620.
\Mathstrutbox@=\box51
\strutbox@=\box52
LaTeX Info: Redefining \big on input line 722.
LaTeX Info: Redefining \Big on input line 723.
LaTeX Info: Redefining \bigg on input line 724.
LaTeX Info: Redefining \Bigg on input line 725.
\big@size=\dimen144
LaTeX Font Info:    Redeclaring font encoding OML on input line 743.
LaTeX Font Info:    Redeclaring font encoding OMS on input line 744.
\macc@depth=\count268
LaTeX Info: Redefining \bmod on input line 905.
LaTeX Info: Redefining \pmod on input line 910.
LaTeX Info: Redefining \smash on input line 940.
LaTeX Info: Redefining \relbar on input line 970.
LaTeX Info: Redefining \Relbar on input line 971.
\c@MaxMatrixCols=\count269
\dotsspace@=\muskip16
\c@parentequation=\count270
\dspbrk@lvl=\count271
\tag@help=\toks20
\row@=\count272
\column@=\count273
\maxfields@=\count274
\andhelp@=\toks21
\eqnshift@=\dimen145
\alignsep@=\dimen146
\tagshift@=\dimen147
\tagwidth@=\dimen148
\totwidth@=\dimen149
\lineht@=\dimen150
\@envbody=\toks22
\multlinegap=\skip51
\multlinetaggap=\skip52
\mathdisplay@stack=\toks23
LaTeX Info: Redefining \[ on input line 2953.
LaTeX Info: Redefining \] on input line 2954.
)
(C:\Users\Jonas\AppData\Local\Programs\MiKTeX\tex/latex/amsfonts\amssymb.sty
Package: amssymb 2013/01/14 v3.01 AMS font symbols

(C:\Users\Jonas\AppData\Local\Programs\MiKTeX\tex/latex/amsfonts\amsfonts.sty
Package: amsfonts 2013/01/14 v3.01 Basic AMSFonts support
\symAMSa=\mathgroup4
\symAMSb=\mathgroup5
LaTeX Font Info:    Redeclaring math symbol \hbar on input line 98.
LaTeX Font Info:    Overwriting math alphabet `\mathfrak' in version `bold'
(Font)                  U/euf/m/n --> U/euf/b/n on input line 106.
))
(C:\Users\Jonas\AppData\Local\Programs\MiKTeX\tex/latex/mathtools\mathtools.sty
Package: mathtools 2024/10/04 v1.31 mathematical typesetting tools
(C:\Users\Jonas\AppData\Local\Programs\MiKTeX\tex/latex/graphics\keyval.sty
Package: keyval 2022/05/29 v1.15 key=value parser (DPC)
\KV@toks@=\toks24
)
(C:\Users\Jonas\AppData\Local\Programs\MiKTeX\tex/latex/tools\calc.sty
Package: calc 2023/07/08 v4.3 Infix arithmetic (KKT,FJ)
\calc@Acount=\count275
\calc@Bcount=\count276
\calc@Adimen=\dimen151
\calc@Bdimen=\dimen152
\calc@Askip=\skip53
\calc@Bskip=\skip54
LaTeX Info: Redefining \setlength on input line 80.
LaTeX Info: Redefining \addtolength on input line 81.
\calc@Ccount=\count277
\calc@Cskip=\skip55
)
(C:\Users\Jonas\AppData\Local\Programs\MiKTeX\tex/latex/mathtools\mhsetup.sty
Package: mhsetup 2021/03/18 v1.4 programming setup (MH)
)
\g_MT_multlinerow_int=\count278
\l_MT_multwidth_dim=\dimen153
\origjot=\skip56
\l_MT_shortvdotswithinadjustabove_dim=\dimen154
\l_MT_shortvdotswithinadjustbelow_dim=\dimen155
\l_MT_above_intertext_sep=\dimen156
\l_MT_below_intertext_sep=\dimen157
\l_MT_above_shortintertext_sep=\dimen158
\l_MT_below_shortintertext_sep=\dimen159
\xmathstrut@box=\box53
\xmathstrut@dim=\dimen160
) (C:\Users\Jonas\AppData\Local\Programs\MiKTeX\tex/latex/tools\bm.sty
Package: bm 2023/07/08 v1.2f Bold Symbol Support (DPC/FMi)
\symboldoperators=\mathgroup6
\symboldletters=\mathgroup7
\symboldsymbols=\mathgroup8
Package bm Info: No bold for \OMX/cmex/m/n, using \pmb.
Package bm Info: No bold for \U/msa/m/n, using \pmb.
Package bm Info: No bold for \U/msb/m/n, using \pmb.
LaTeX Font Info:    Redeclaring math alphabet \mathbf on input line 149.
)
(C:\Users\Jonas\AppData\Local\Programs\MiKTeX\tex/latex/natbib\natbib.sty
Package: natbib 2010/09/13 8.31b (PWD, AO)
\bibhang=\skip57
\bibsep=\skip58
LaTeX Info: Redefining \cite on input line 694.
\c@NAT@ctr=\count279
)
(C:\Users\Jonas\AppData\Local\Programs\MiKTeX\tex/latex/hyperref\hyperref.sty
Package: hyperref 2023-11-26 v7.01g Hypertext links for LaTeX

(C:\Users\Jonas\AppData\Local\Programs\MiKTeX\tex/generic/iftex\iftex.sty
Package: iftex 2022/02/03 v1.0f TeX engine tests
)
(C:\Users\Jonas\AppData\Local\Programs\MiKTeX\tex/generic/infwarerr\infwarerr.s
ty
Package: infwarerr 2019/12/03 v1.5 Providing info/warning/error messages (HO)
)
(C:\Users\Jonas\AppData\Local\Programs\MiKTeX\tex/latex/kvsetkeys\kvsetkeys.sty
Package: kvsetkeys 2022-10-05 v1.19 Key value parser (HO)
)
(C:\Users\Jonas\AppData\Local\Programs\MiKTeX\tex/generic/kvdefinekeys\kvdefine
keys.sty
Package: kvdefinekeys 2019-12-19 v1.6 Define keys (HO)
)
(C:\Users\Jonas\AppData\Local\Programs\MiKTeX\tex/generic/pdfescape\pdfescape.s
ty
Package: pdfescape 2019/12/09 v1.15 Implements pdfTeX's escape features (HO)

(C:\Users\Jonas\AppData\Local\Programs\MiKTeX\tex/generic/ltxcmds\ltxcmds.sty
Package: ltxcmds 2023-12-04 v1.26 LaTeX kernel commands for general use (HO)
)
(C:\Users\Jonas\AppData\Local\Programs\MiKTeX\tex/generic/pdftexcmds\pdftexcmds
.sty
Package: pdftexcmds 2020-06-27 v0.33 Utility functions of pdfTeX for LuaTeX (HO
)
Package pdftexcmds Info: \pdf@primitive is available.
Package pdftexcmds Info: \pdf@ifprimitive is available.
Package pdftexcmds Info: \pdfdraftmode found.
))
(C:\Users\Jonas\AppData\Local\Programs\MiKTeX\tex/latex/hycolor\hycolor.sty
Package: hycolor 2020-01-27 v1.10 Color options for hyperref/bookmark (HO)
)
(C:\Users\Jonas\AppData\Local\Programs\MiKTeX\tex/latex/letltxmacro\letltxmacro
.sty
Package: letltxmacro 2019/12/03 v1.6 Let assignment for LaTeX macros (HO)
)
(C:\Users\Jonas\AppData\Local\Programs\MiKTeX\tex/latex/auxhook\auxhook.sty
Package: auxhook 2019-12-17 v1.6 Hooks for auxiliary files (HO)
)
(C:\Users\Jonas\AppData\Local\Programs\MiKTeX\tex/latex/hyperref\nameref.sty
Package: nameref 2023-11-26 v2.56 Cross-referencing by name of section

(C:\Users\Jonas\AppData\Local\Programs\MiKTeX\tex/latex/refcount\refcount.sty
Package: refcount 2019/12/15 v3.6 Data extraction from label references (HO)
)
(C:\Users\Jonas\AppData\Local\Programs\MiKTeX\tex/generic/gettitlestring\gettit
lestring.sty
Package: gettitlestring 2019/12/15 v1.6 Cleanup title references (HO)

(C:\Users\Jonas\AppData\Local\Programs\MiKTeX\tex/latex/kvoptions\kvoptions.sty
Package: kvoptions 2022-06-15 v3.15 Key value format for package options (HO)
))
\c@section@level=\count280
)
(C:\Users\Jonas\AppData\Local\Programs\MiKTeX\tex/latex/etoolbox\etoolbox.sty
Package: etoolbox 2020/10/05 v2.5k e-TeX tools for LaTeX (JAW)
\etb@tempcnta=\count281
)
\@linkdim=\dimen161
\Hy@linkcounter=\count282
\Hy@pagecounter=\count283

(C:\Users\Jonas\AppData\Local\Programs\MiKTeX\tex/latex/hyperref\pd1enc.def
File: pd1enc.def 2023-11-26 v7.01g Hyperref: PDFDocEncoding definition (HO)
Now handling font encoding PD1 ...
... no UTF-8 mapping file for font encoding PD1
)
(C:\Users\Jonas\AppData\Local\Programs\MiKTeX\tex/generic/intcalc\intcalc.sty
Package: intcalc 2019/12/15 v1.3 Expandable calculations with integers (HO)
)
\Hy@SavedSpaceFactor=\count284

(C:\Users\Jonas\AppData\Local\Programs\MiKTeX\tex/latex/hyperref\puenc.def
File: puenc.def 2023-11-26 v7.01g Hyperref: PDF Unicode definition (HO)
Now handling font encoding PU ...
... no UTF-8 mapping file for font encoding PU
)
Package hyperref Info: Hyper figures OFF on input line 4181.
Package hyperref Info: Link nesting OFF on input line 4186.
Package hyperref Info: Hyper index ON on input line 4189.
Package hyperref Info: Plain pages OFF on input line 4196.
Package hyperref Info: Backreferencing OFF on input line 4201.
Package hyperref Info: Implicit mode ON; LaTeX internals redefined.
Package hyperref Info: Bookmarks ON on input line 4448.
\c@Hy@tempcnt=\count285

(C:\Users\Jonas\AppData\Local\Programs\MiKTeX\tex/latex/url\url.sty
\Urlmuskip=\muskip17
Package: url 2013/09/16  ver 3.4  Verb mode for urls, etc.
)
LaTeX Info: Redefining \url on input line 4786.
\XeTeXLinkMargin=\dimen162

(C:\Users\Jonas\AppData\Local\Programs\MiKTeX\tex/generic/bitset\bitset.sty
Package: bitset 2019/12/09 v1.3 Handle bit-vector datatype (HO)

(C:\Users\Jonas\AppData\Local\Programs\MiKTeX\tex/generic/bigintcalc\bigintcalc
.sty
Package: bigintcalc 2019/12/15 v1.5 Expandable calculations on big integers (HO
)
))
\Fld@menulength=\count286
\Field@Width=\dimen163
\Fld@charsize=\dimen164
Package hyperref Info: Hyper figures OFF on input line 6065.
Package hyperref Info: Link nesting OFF on input line 6070.
Package hyperref Info: Hyper index ON on input line 6073.
Package hyperref Info: backreferencing OFF on input line 6080.
Package hyperref Info: Link coloring OFF on input line 6085.
Package hyperref Info: Link coloring with OCG OFF on input line 6090.
Package hyperref Info: PDF/A mode OFF on input line 6095.

(C:\Users\Jonas\AppData\Local\Programs\MiKTeX\tex/latex/base\atbegshi-ltx.sty
Package: atbegshi-ltx 2021/01/10 v1.0c Emulation of the original atbegshi
package with kernel methods
)
\Hy@abspage=\count287
\c@Item=\count288
\c@Hfootnote=\count289
)
Package hyperref Info: Driver (autodetected): hpdftex.
(C:\Users\Jonas\AppData\Local\Programs\MiKTeX\tex/latex/hyperref\hpdftex.def
File: hpdftex.def 2023-11-26 v7.01g Hyperref driver for pdfTeX

(C:\Users\Jonas\AppData\Local\Programs\MiKTeX\tex/latex/base\atveryend-ltx.sty
Package: atveryend-ltx 2020/08/19 v1.0a Emulation of the original atveryend pac
kage
with kernel methods
)
\Fld@listcount=\count290
\c@bookmark@seq@number=\count291

(C:\Users\Jonas\AppData\Local\Programs\MiKTeX\tex/latex/rerunfilecheck\rerunfil
echeck.sty
Package: rerunfilecheck 2025-06-21 v1.11 Rerun checks for auxiliary files (HO)

(C:\Users\Jonas\AppData\Local\Programs\MiKTeX\tex/generic/uniquecounter\uniquec
ounter.sty
Package: uniquecounter 2019/12/15 v1.4 Provide unlimited unique counter (HO)
)
Package uniquecounter Info: New unique counter `rerunfilecheck' on input line 2
84.
)
\Hy@SectionHShift=\skip59
)
(C:\Users\Jonas\AppData\Local\Programs\MiKTeX\tex/latex/geometry\geometry.sty
Package: geometry 2020/01/02 v5.9 Page Geometry

(C:\Users\Jonas\AppData\Local\Programs\MiKTeX\tex/generic/iftex\ifvtex.sty
Package: ifvtex 2019/10/25 v1.7 ifvtex legacy package. Use iftex instead.
)
\Gm@cnth=\count292
\Gm@cntv=\count293
\c@Gm@tempcnt=\count294
\Gm@bindingoffset=\dimen165
\Gm@wd@mp=\dimen166
\Gm@odd@mp=\dimen167
\Gm@even@mp=\dimen168
\Gm@layoutwidth=\dimen169
\Gm@layoutheight=\dimen170
\Gm@layouthoffset=\dimen171
\Gm@layoutvoffset=\dimen172
\Gm@dimlist=\toks25

(C:\Users\Jonas\AppData\Local\Programs\MiKTeX\tex/latex/geometry\geometry.cfg))

(C:\Users\Jonas\AppData\Local\Programs\MiKTeX\tex/latex/microtype\microtype.sty
Package: microtype 2025/07/09 v3.2b Micro-typographical refinements (RS)
\MT@toks=\toks26
\MT@tempbox=\box54
\MT@count=\count295
LaTeX Info: Redefining \noprotrusionifhmode on input line 1087.
LaTeX Info: Redefining \leftprotrusion on input line 1088.
\MT@prot@toks=\toks27
LaTeX Info: Redefining \rightprotrusion on input line 1107.
LaTeX Info: Redefining \textls on input line 1449.
\MT@outer@kern=\dimen173
LaTeX Info: Redefining \microtypecontext on input line 2053.
LaTeX Info: Redefining \textmicrotypecontext on input line 2070.
\MT@listname@count=\count296

(C:\Users\Jonas\AppData\Local\Programs\MiKTeX\tex/latex/microtype\microtype-pdf
tex.def
File: microtype-pdftex.def 2025/07/09 v3.2b Definitions specific to pdftex (RS)

LaTeX Info: Redefining \lsstyle on input line 944.
LaTeX Info: Redefining \lslig on input line 944.
\MT@outer@space=\skip60
)
Package microtype Info: Loading configuration file microtype.cfg.

(C:\Users\Jonas\AppData\Local\Programs\MiKTeX\tex/latex/microtype\microtype.cfg
File: microtype.cfg 2025/07/09 v3.2b microtype main configuration file (RS)
)
LaTeX Info: Redefining \microtypesetup on input line 3065.
)
Package hyperref Info: Option `colorlinks' set `true' on input line 15.

(C:\Users\Jonas\AppData\Local\Programs\MiKTeX\tex/latex/l3backend\l3backend-pdf
tex.def
File: l3backend-pdftex.def 2024-01-04 L3 backend support: PDF output (pdfTeX)
\l__color_backend_stack_int=\count297
\l__pdf_internal_box=\box55
) (main.aux)
\openout1 = `main.aux'.

LaTeX Font Info:    Checking defaults for OML/cmm/m/it on input line 25.
LaTeX Font Info:    ... okay on input line 25.
LaTeX Font Info:    Checking defaults for OMS/cmsy/m/n on input line 25.
LaTeX Font Info:    ... okay on input line 25.
LaTeX Font Info:    Checking defaults for OT1/cmr/m/n on input line 25.
LaTeX Font Info:    ... okay on input line 25.
LaTeX Font Info:    Checking defaults for T1/cmr/m/n on input line 25.
LaTeX Font Info:    ... okay on input line 25.
LaTeX Font Info:    Checking defaults for TS1/cmr/m/n on input line 25.
LaTeX Font Info:    ... okay on input line 25.
LaTeX Font Info:    Checking defaults for OMX/cmex/m/n on input line 25.
LaTeX Font Info:    ... okay on input line 25.
LaTeX Font Info:    Checking defaults for U/cmr/m/n on input line 25.
LaTeX Font Info:    ... okay on input line 25.
LaTeX Font Info:    Checking defaults for PD1/pdf/m/n on input line 25.
LaTeX Font Info:    ... okay on input line 25.
LaTeX Font Info:    Checking defaults for PU/pdf/m/n on input line 25.
LaTeX Font Info:    ... okay on input line 25.

(C:\Users\Jonas\AppData\Local\Programs\MiKTeX\tex/latex/graphics\graphicx.sty
Package: graphicx 2021/09/16 v1.2d Enhanced LaTeX Graphics (DPC,SPQR)

(C:\Users\Jonas\AppData\Local\Programs\MiKTeX\tex/latex/graphics\graphics.sty
Package: graphics 2022/03/10 v1.4e Standard LaTeX Graphics (DPC,SPQR)

(C:\Users\Jonas\AppData\Local\Programs\MiKTeX\tex/latex/graphics\trig.sty
Package: trig 2021/08/11 v1.11 sin cos tan (DPC)
)
(C:\Users\Jonas\AppData\Local\Programs\MiKTeX\tex/latex/graphics-cfg\graphics.c
fg
File: graphics.cfg 2016/06/04 v1.11 sample graphics configuration
)
Package graphics Info: Driver file: pdftex.def on input line 107.

(C:\Users\Jonas\AppData\Local\Programs\MiKTeX\tex/latex/graphics-def\pdftex.def
File: pdftex.def 2022/09/22 v1.2b Graphics/color driver for pdftex

(C:\Users\Jonas\AppData\Local\Programs\MiKTeX\tex/context/base/mkii\supp-pdf.mk
ii
[Loading MPS to PDF converter (version 2006.09.02).]
\scratchcounter=\count298
\scratchdimen=\dimen174
\scratchbox=\box56
\nofMPsegments=\count299
\nofMParguments=\count300
\everyMPshowfont=\toks28
\MPscratchCnt=\count301
\MPscratchDim=\dimen175
\MPnumerator=\count302
\makeMPintoPDFobject=\count303
\everyMPtoPDFconversion=\toks29
)))
(C:\Users\Jonas\AppData\Local\Programs\MiKTeX\tex/latex/epstopdf-pkg\epstopdf-b
ase.sty
Package: epstopdf-base 2020-01-24 v2.11 Base part for package epstopdf
Package epstopdf-base Info: Redefining graphics rule for `.eps' on input line 4
85.

(C:\Users\Jonas\AppData\Local\Programs\MiKTeX\tex/latex/00miktex\epstopdf-sys.c
fg
File: epstopdf-sys.cfg 2021/03/18 v2.0 Configuration of epstopdf for MiKTeX
))
\Gin@req@height=\dimen176
\Gin@req@width=\dimen177
)
(C:\Users\Jonas\AppData\Local\Programs\MiKTeX\tex/latex/graphics\color.sty
Package: color 2022/01/06 v1.3d Standard LaTeX Color (DPC)

(C:\Users\Jonas\AppData\Local\Programs\MiKTeX\tex/latex/graphics-cfg\color.cfg
File: color.cfg 2016/01/02 v1.6 sample color configuration
)
Package color Info: Driver file: pdftex.def on input line 149.
(C:\Users\Jonas\AppData\Local\Programs\MiKTeX\tex/latex/graphics\mathcolor.ltx)
)
Package hyperref Info: Link coloring ON on input line 25.
 (main.out) (main.out)
\@outlinefile=\write3
\openout3 = `main.out'.


*geometry* driver: auto-detecting
*geometry* detected driver: pdftex
*geometry* verbose mode - [ preamble ] result:
* driver: pdftex
* paper: a4paper
* layout: <same size as paper>
* layoutoffset:(h,v)=(0.0pt,0.0pt)
* modes: 
* h-part:(L,W,R)=(72.26999pt, 452.9679pt, 72.26999pt)
* v-part:(T,H,B)=(72.26999pt, 700.50687pt, 72.26999pt)
* \paperwidth=597.50787pt
* \paperheight=845.04684pt
* \textwidth=452.9679pt
* \textheight=700.50687pt
* \oddsidemargin=0.0pt
* \evensidemargin=0.0pt
* \topmargin=-37.0pt
* \headheight=12.0pt
* \headsep=25.0pt
* \topskip=11.0pt
* \footskip=30.0pt
* \marginparwidth=50.0pt
* \marginparsep=10.0pt
* \columnsep=10.0pt
* \skip\footins=10.0pt plus 4.0pt minus 2.0pt
* \hoffset=0.0pt
* \voffset=0.0pt
* \mag=1000
* \@twocolumnfalse
* \@twosidefalse
* \@mparswitchfalse
* \@reversemarginfalse
* (1in=72.27pt=25.4mm, 1cm=28.453pt)

LaTeX Info: Redefining \microtypecontext on input line 25.
Package microtype Info: Applying patch `item' on input line 25.
Package microtype Info: Applying patch `toc' on input line 25.
Package microtype Info: Applying patch `eqnum' on input line 25.
Package microtype Info: Applying patch `footnote' on input line 25.
Package microtype Info: Applying patch `verbatim' on input line 25.
LaTeX Info: Redefining \microtypesetup on input line 25.
Package microtype Info: Generating PDF output.
Package microtype Info: Character protrusion enabled (level 2).
Package microtype Info: Using default protrusion set `alltext'.
Package microtype Info: Automatic font expansion enabled (level 2),
(microtype)             stretch: 20, shrink: 20, step: 1, non-selected.
Package microtype Info: Using default expansion set `alltext-nott'.
Package microtype Info: Patching command `\showhyphens'.
Package microtype Info: No adjustment of tracking.
Package microtype Info: No adjustment of interword spacing.
Package microtype Info: No adjustment of character kerning.
(C:\Users\Jonas\AppData\Local\Programs\MiKTeX\tex/latex/microtype\mt-cmr.cfg
File: mt-cmr.cfg 2013/05/19 v2.2 microtype config. file: Computer Modern Roman 
(RS)
)
LaTeX Font Info:    Trying to load font information for U+msa on input line 27.


(C:\Users\Jonas\AppData\Local\Programs\MiKTeX\tex/latex/amsfonts\umsa.fd
File: umsa.fd 2013/01/14 v3.01 AMS symbols A
)
(C:\Users\Jonas\AppData\Local\Programs\MiKTeX\tex/latex/microtype\mt-msa.cfg
File: mt-msa.cfg 2006/02/04 v1.1 microtype config. file: AMS symbols (a) (RS)
)
LaTeX Font Info:    Trying to load font information for U+msb on input line 27.


(C:\Users\Jonas\AppData\Local\Programs\MiKTeX\tex/latex/amsfonts\umsb.fd
File: umsb.fd 2013/01/14 v3.01 AMS symbols B
)
(C:\Users\Jonas\AppData\Local\Programs\MiKTeX\tex/latex/microtype\mt-msb.cfg
File: mt-msb.cfg 2005/06/01 v1.0 microtype config. file: AMS symbols (b) (RS)
)
LaTeX Font Info:    Trying to load font information for T1+cmtt on input line 3
3.

(C:\Users\Jonas\AppData\Local\Programs\MiKTeX\tex/latex/base\t1cmtt.fd
File: t1cmtt.fd 2023/04/13 v2.5m Standard LaTeX font definitions
)
Package microtype Info: Loading generic protrusion settings for font family
(microtype)             `cmtt' (encoding: T1).
(microtype)             For optimal results, create family-specific settings.
(microtype)             See the microtype manual for details.

(background_compile.tex [1

{C:/Users/Jonas/AppData/Local/MiKTeX/fonts/map/pdftex/pdftex.map}{C:/Users/Jona
s/AppData/Local/Programs/MiKTeX/fonts/enc/dvips/cm-super/cm-super-t1.enc}]

Package natbib Warning: Citation `kunda1990MotivatedReasoning' on page 2 undefi
ned on input line 210.


Package natbib Warning: Citation `lordRossLepper1979BiasedAssimilation' on page
 2 undefined on input line 213.


Package natbib Warning: Citation `nickerson1998ConfirmationBias' on page 2 unde
fined on input line 216.

[2] [3]

Package natbib Warning: Citation `zollman2007NetworkEpistemology' on page 4 und
efined on input line 350.

[4] [5] [6]

Package natbib Warning: Citation `zollman2007NetworkEpistemology' on page 7 und
efined on input line 603.


Package natbib Warning: Citation `zollman2010TransientDiversity' on page 7 unde
fined on input line 603.


Package natbib Warning: Citation `longino1990ScienceSocialKnowledge' on page 7 
undefined on input line 623.

[7]

Package natbib Warning: Citation `kitcher1990DivisionCognitiveLabor' on page 8 
undefined on input line 629.


Package natbib Warning: Citation `strevens2003PriorityRule' on page 8 undefined
 on input line 630.


Package natbib Warning: Citation `muldoonWeisberg2011Robustness' on page 8 unde
fined on input line 634.


Package natbib Warning: Citation `romero2017NoveltyReplicability' on page 8 und
efined on input line 639.


Package natbib Warning: Citation `nguyen2020EchoChambers' on page 8 undefined o
n input line 657.

[8]) (main.bbl
Underfull \hbox (badness 3907) in paragraph at lines 73--80
[]\T1/cmr/m/n/10.95 (+20) Moses Boudourides.  Friedkin-johnsen so-cial in-flu-e
nce dy-nam-ics on net-works: A
 []


Underfull \hbox (badness 1939) in paragraph at lines 73--80
\T1/cmr/m/n/10.95 (+20) boundary-value for-mu-la-tion and in-flu-ence-abil-ity 
mea-sures.  \T1/cmr/m/it/10.95 (+20) arXiv.org\T1/cmr/m/n/10.95 (+20) , 2026.  
doi:
 []


Underfull \hbox (badness 10000) in paragraph at lines 73--80
\T1/cmr/m/n/10.95 (+20) 10 . 48550 / arXiv . 2602 . 08704$.  URL [][]$\T1/cmtt/
m/n/10.95 https : / / www . semanticscholar . org / paper /
 []

[9{C:/Users/Jonas/AppData/Local/Programs/MiKTeX/fonts/enc/dvips/cm-super/cm-sup
er-ts1.enc}]
Underfull \hbox (badness 10000) in paragraph at lines 101--107
[]\T1/cmr/m/n/10.95 (+20) Hasok Chang.  Wa-ter and the chem-i-cal rev-o-lu-tion
.  2012.  doi: $10 .
 []


Underfull \hbox (badness 10000) in paragraph at lines 101--107
\T1/cmr/m/n/10.95 (+20) 1007 / 978-[]94-[]007-[]3932-[]1 _ 1$.  URL [][]$\T1/cm
tt/m/n/10.95 https : / / www . semanticscholar . org / paper /
 []


Underfull \hbox (badness 6927) in paragraph at lines 167--173
[]\T1/cmr/m/n/10.95 (+20) Karl J. Fris-ton, Thomas Parr, and P. Zei-d-man.  Bay
esian model re-duc-tion.
 []


Underfull \hbox (badness 10000) in paragraph at lines 167--173
\T1/cmr/m/it/10.95 (+20) arXiv: Method-ol-ogy\T1/cmr/m/n/10.95 (+20) , 2018.  U
RL [][]$\T1/cmtt/m/n/10.95 https : / / www . semanticscholar . org / paper /
 []

[10]
Underfull \hbox (badness 10000) in paragraph at lines 226--233
\T1/cmtt/m/n/10.95 2424283 _ 5 / component / file _ 3563139 / Mousavi _ Accurat
e _ 2017 _ VerlPDF _ final _ LS . pdf$[][]\T1/cmr/m/n/10.95 (+20) .
 []


Underfull \hbox (badness 1661) in paragraph at lines 246--255
[]\T1/cmr/m/n/10.95 (+20) D. Ka-han, Don-ald Bra-man, John Gastil, P. Slovic, C
. K. Mertz, J. Dar-ley, Don
 []


Underfull \hbox (badness 2050) in paragraph at lines 246--255
\T1/cmr/m/n/10.95 (+20) Green, P. Sni-der-man, and Christo-pher Win-ship.  Cul-
ture and identity-protective
 []


Underfull \hbox (badness 1577) in paragraph at lines 246--255
\T1/cmr/m/n/10.95 (+20) cog-ni-tion: Ex-plain-ing the white male ef-fect in ris
k per-cep-tion.  \T1/cmr/m/it/10.95 (+20) Jour-nal of Em-
 []


Underfull \hbox (badness 1377) in paragraph at lines 246--255
\T1/cmr/m/it/10.95 (+20) pir-i-cal Le-gal Stud-ies\T1/cmr/m/n/10.95 (+20) , 200
7.  doi: $10 . 1111 / J . 1740-[]1461 . 2007 . 00097 . X$.  URL [][]$\T1/cmtt/m
/n/10.95 https :
 []


Underfull \hbox (badness 10000) in paragraph at lines 246--255
\T1/cmtt/m/n/10.95 / / openyls . law . yale . edu / bitstream / 20 . 500 . 1305
1 / 198 / 2 / Culture _ and _ Identity _
 []


Underfull \hbox (badness 10000) in paragraph at lines 246--255
\T1/cmtt/m/n/10.95 Protective _ Cognition _ Explaining _ the _ White _ Male _ E
ffect _ in _ Risk _ Perception . pdf$[][]\T1/cmr/m/n/10.95 (+20) .
 []


! LaTeX Error: Unicode character ô (U+009D)
               not set up for use with LaTeX.

See the LaTeX manual or LaTeX Companion for explanation.
Type  H <return>  for immediate help.
 ...                                              
                                                  
l.267 ...1 all thinking is ûÂã˜é wishful ûÂã˜ô
                                                  
You may provide a definition with
\DeclareUnicodeCharacter 


Underfull \hbox (badness 4805) in paragraph at lines 266--272
[]\T1/cmr/m/n/10.95 (+20) A. Kruglan-ski.  All think-ing is wish-ful think-ing 
1 all think-ing is ã\TS1/cmr/m/n/10.95 (+20) ¢\T1/cmr/m/n/10.95 (+20) ¼ wish-
 []


Underfull \hbox (badness 10000) in paragraph at lines 266--272
\T1/cmr/m/n/10.95 (+20) ful ã\TS1/cmr/m/n/10.95 (+20) ¢ \T1/cmr/m/n/10.95 (+20)
 think-ing.  2020.  URL [][]$\T1/cmtt/m/n/10.95 https : / / www . semanticschol
ar . org / paper /
 []

[11]
Underfull \hbox (badness 1824) in paragraph at lines 303--310
[]\T1/cmr/m/n/10.95 (+20) Yuhan Lin.  Al-go-rith-mic bias in rec-om-mender sys-
tems: Im-pli-ca-tions for con-sumer
 []


Underfull \hbox (badness 1242) in paragraph at lines 363--371
[]\T1/cmr/m/n/10.95 (+20) E. Mon-ti-jano, J. I. Mon-ti-jano, and C. Sagû\TS1/cm
r/m/n/10.95 (+20) ¥\T1/cmr/m/n/10.95 (+20) û\TS1/cmr/m/n/10.95 (+20) ˋ\T1/cmr/m
/n/10.95 (+20) s.  Fast dis-tributed al-ge-braic con-
 []


Underfull \hbox (badness 3623) in paragraph at lines 389--397
[]\T1/cmr/m/n/10.95 (+20) Catarina Du-tilh No-vaes and û\TS1/cmr/m/n/10.95 (+20
) \T1/cmr/m/n/10.95 (+20) aálar Dede.  Crit-i-cal con-tex-tual em-piri-cism f
or
 []


Underfull \hbox (badness 7133) in paragraph at lines 389--397
\T1/cmr/m/n/10.95 (+20) busy peo-ple: Sci-en-tific ar-gu-men-ta-tion as epis-te
mic ex-change.  \T1/cmr/m/it/10.95 (+20) Topoi\T1/cmr/m/n/10.95 (+20) , 2025.
 []


Underfull \hbox (badness 3019) in paragraph at lines 389--397
\T1/cmr/m/n/10.95 (+20) doi: $10 . 1007 / s11245-[]025-[]10198-[]0$.  URL [][]$
\T1/cmtt/m/n/10.95 https : / / www . semanticscholar . org / paper /
 []

[12]
Underfull \hbox (badness 3601) in paragraph at lines 420--427
[]\T1/cmr/m/n/10.95 (+20) C. Per-rin.  Re-search tra-di-tions, lavoisier, and t
he chem-i-cal rev-o-lu-tion.  \T1/cmr/m/it/10.95 (+20) Osiris\T1/cmr/m/n/10.95 
(+20) ,
 []


Underfull \hbox (badness 6575) in paragraph at lines 420--427
\T1/cmr/m/n/10.95 (+20) 1988.  doi: $10 . 1086 / 368672$.  URL [][]$\T1/cmtt/m/
n/10.95 https : / / www . semanticscholar . org / paper /
 []


Underfull \hbox (badness 3138) in paragraph at lines 429--436
[]\T1/cmr/m/n/10.95 (+20) Joey Pol-lock.  Epis-temic bub-bles and con-tex-tual 
dis-cor-dance.  \T1/cmr/m/it/10.95 (+20) Phi-los-o-phy\T1/cmr/m/n/10.95 (+20) ,
 2024.
 []


Underfull \hbox (badness 2941) in paragraph at lines 429--436
\T1/cmr/m/n/10.95 (+20) doi: $10 . 1017 / S0031819124000093$.  URL [][]$\T1/cmt
t/m/n/10.95 https : / / www . semanticscholar . org / paper /
 []


Underfull \hbox (badness 10000) in paragraph at lines 439--447
\T1/cmtt/m/n/10.95 Dynamics _ in _ Social _ Networks _ With _ Hostile _ Camps _
 Consensus _ vs . _Polarization . pdf$[][]\T1/cmr/m/n/10.95 (+20) .
 []


Underfull \hbox (badness 1824) in paragraph at lines 449--456
\T1/cmr/m/n/10.95 (+20) 1988.  doi: $10 . 21236 / ada201093$.  URL [][]$\T1/cmt
t/m/n/10.95 https : / / www . semanticscholar . org / paper /
 []


Underfull \hbox (badness 3229) in paragraph at lines 477--484
[]\T1/cmr/m/n/10.95 (+20) A. Shi-mony.  Com-ments on two epis-te-mo-log-i-cal t
he-ses of thomas kuhn.  1976.
 []


Underfull \hbox (badness 4886) in paragraph at lines 486--492
[]\T1/cmr/m/n/10.95 (+20) H. Siegel.  The kuhn-inspired new phi-los-o-phy of sc
i-ence.  1987.  doi: $10 .
 []


Underfull \hbox (badness 10000) in paragraph at lines 486--492
\T1/cmr/m/n/10.95 (+20) 1007 / 978-[]94-[]015-[]7746-[]5 _ 5$.  URL [][]$\T1/cm
tt/m/n/10.95 https : / / www . semanticscholar . org / paper /
 []


Underfull \hbox (badness 1796) in paragraph at lines 504--511
[]\T1/cmr/m/n/10.95 (+20) P. Tha-gard.  Ex-plana-tory co-her-ence.  \T1/cmr/m/i
t/10.95 (+20) Be-hav-ioral and Brain Sci-ences\T1/cmr/m/n/10.95 (+20) , 1989.  
doi:
 []


Underfull \hbox (badness 10000) in paragraph at lines 504--511
\T1/cmr/m/n/10.95 (+20) 10 . 1017 / s0140525x00057046$.  URL [][]$\T1/cmtt/m/n/
10.95 https : / / www . semanticscholar . org / paper /
 []


Underfull \hbox (badness 10000) in paragraph at lines 523--530
[]\T1/cmr/m/n/10.95 (+20) C. Turner.  On-line echo cham-bers, on-line epis-temi
c bub-bles, and open-
 []


Underfull \hbox (badness 10000) in paragraph at lines 523--530
\T1/cmr/m/n/10.95 (+20) mindedness.  \T1/cmr/m/it/10.95 (+20) Epis-teme\T1/cmr/
m/n/10.95 (+20) , 2023.  doi: $10 . 1017 / epi . 2023 . 52$.  URL
 []


Underfull \hbox (badness 10000) in paragraph at lines 523--530
[][]$\T1/cmtt/m/n/10.95 https : / / www . cambridge . org / core / services / a
op-[]cambridge-[]core / content /
 []


Underfull \hbox (badness 10000) in paragraph at lines 523--530
\T1/cmtt/m/n/10.95 view / 16DAD288417F00A11635C7B129B258BB / S1742360023000527a
 . pdf /
 []


Overfull \hbox (46.57903pt too wide) in paragraph at lines 523--530
\T1/cmtt/m/n/10.95 div-[]class-[]title-[]online-[]echo-[]chambers-[]online-[]ep
istemic-[]bubbles-[]and-[]open-[]mindedness-[]div .
 []

[13]
Underfull \hbox (badness 1831) in paragraph at lines 532--539
[]\T1/cmr/m/n/10.95 (+20) I. Wahyudi, Rach-manda Aquila Arkhano, and Glad-win P
an-jai-tan.  The na-ture of
 []


Underfull \hbox (badness 1735) in paragraph at lines 532--539
\T1/cmr/m/n/10.95 (+20) sci-en-tific jus-ti-fi-ca-tion: W.v.o quineã\TS1/cmr/m/
n/10.95 (+20) ¢\T1/cmr/m/n/10.95 (+20) s co-her-en-tism per-spec-tive.  \T1/cm
r/m/it/10.95 (+20) Ju-r-nal Fil-safat\T1/cmr/m/n/10.95 (+20) ,
 []


Underfull \hbox (badness 2894) in paragraph at lines 532--539
\T1/cmr/m/n/10.95 (+20) 2026.  doi: $10 . 22146 / jf . 107506$.  URL [][]$\T1/c
mtt/m/n/10.95 https : / / www . semanticscholar . org / paper /
 []

)

Package natbib Warning: There were undefined citations.

[14] (main.aux

Package natbib Warning: Citation(s) may have changed.
(natbib)                Rerun to get citations correct.

)
 ***********
LaTeX2e <2023-11-01> patch level 1
L3 programming layer <2024-01-04>
 ***********


Package rerunfilecheck Warning: File `main.out' has changed.
(rerunfilecheck)                Rerun to get outlines right
(rerunfilecheck)                or use package `bookmark'.

Package rerunfilecheck Info: Checksums for `main.out':
(rerunfilecheck)             Before: 717246A9A01F28204365C227E69F1601;1765
(rerunfilecheck)             After:  673B2350BE3BABF8B0742B3962A83134;1758.
 ) 
Here is how much of TeX's memory you used:
 14987 strings out of 474486
 240195 string characters out of 5743754
 1945542 words of memory out of 5000000
 36732 multiletter control sequences out of 15000+600000
 583112 words of font info for 195 fonts, out of 8000000 for 9000
 1141 hyphenation exceptions out of 8191
 75i,6n,79p,1003b,716s stack positions out of 10000i,1000n,20000p,200000b,200000s
<C:/Users/Jonas/AppData/Local/Programs/MiKTeX/fonts/type1/public/amsfonts/cm/
cmbx10.pfb><C:/Users/Jonas/AppData/Local/Programs/MiKTeX/fonts/type1/public/ams
fonts/cm/cmmi10.pfb><C:/Users/Jonas/AppData/Local/Programs/MiKTeX/fonts/type1/p
ublic/amsfonts/cm/cmmi8.pfb><C:/Users/Jonas/AppData/Local/Programs/MiKTeX/fonts
/type1/public/amsfonts/cm/cmr10.pfb><C:/Users/Jonas/AppData/Local/Programs/MiKT
eX/fonts/type1/public/amsfonts/cm/cmr8.pfb><C:/Users/Jonas/AppData/Local/Progra
ms/MiKTeX/fonts/type1/public/amsfonts/cm/cmsy10.pfb><C:/Users/Jonas/AppData/Loc
al/Programs/MiKTeX/fonts/type1/public/cm-super/sfbx1095.pfb><C:/Users/Jonas/App
Data/Local/Programs/MiKTeX/fonts/type1/public/cm-super/sfbx1440.pfb><C:/Users/J
onas/AppData/Local/Programs/MiKTeX/fonts/type1/public/cm-super/sfit1095.pfb><C:
/Users/Jonas/AppData/Local/Programs/MiKTeX/fonts/type1/public/cm-super/sfrm1095
.pfb><C:/Users/Jonas/AppData/Local/Programs/MiKTeX/fonts/type1/public/cm-super/
sfrm1200.pfb><C:/Users/Jonas/AppData/Local/Programs/MiKTeX/fonts/type1/public/c
m-super/sfrm1728.pfb><C:/Users/Jonas/AppData/Local/Programs/MiKTeX/fonts/type1/
public/cm-super/sfti1095.pfb><C:/Users/Jonas/AppData/Local/Programs/MiKTeX/font
s/type1/public/cm-super/sftt1095.pfb>
Output written on main.pdf (14 pages, 400923 bytes).
PDF statistics:
 545 PDF objects out of 1000 (max. 8388607)
 106 named destinations out of 1000 (max. 500000)
 35897 words of extra memory for PDF output out of 42996 (max. 10000000)

